Assembler report for CS_JJ_PSD3_EdgrantHendersonSuryajaya_2206025016
Fri Sep 15 17:14:39 2023
Quartus Prime Version 21.1.1 Build 850 06/23/2022 SJ Lite Edition


---------------------
; Table of Contents ;
---------------------
  1. Legal Notice
  2. Assembler Summary
  3. Assembler Settings
  4. Assembler Generated Files
  5. Assembler Device Options: C:/Users/Edgrant/OneDrive - UNIVERSITAS INDONESIA/Desktop/UI/Pelajaran/Semester 3/PSD/Prak PSD/PSD Modul 3/Quartus/output_files/CS_JJ_PSD3_EdgrantHendersonSuryajaya_2206025016.sof
  6. Assembler Messages



----------------
; Legal Notice ;
----------------
Copyright (C) 2022  Intel Corporation. All rights reserved.
Your use of Intel Corporation's design tools, logic functions 
and other software and tools, and any partner logic 
functions, and any output files from any of the foregoing 
(including device programming or simulation files), and any 
associated documentation or information are expressly subject 
to the terms and conditions of the Intel Program License 
Subscription Agreement, the Intel Quartus Prime License Agreement,
the Intel FPGA IP License Agreement, or other applicable license
agreement, including, without limitation, that your use is for
the sole purpose of programming logic devices manufactured by
Intel and sold by Intel or its authorized distributors.  Please
refer to the applicable agreement for further details, at
https://fpgasoftware.intel.com/eula.



+-------------------------------------------------------------------------+
; Assembler Summary                                                       ;
+-----------------------+-------------------------------------------------+
; Assembler Status      ; Successful - Fri Sep 15 17:14:39 2023           ;
; Revision Name         ; CS_JJ_PSD3_EdgrantHendersonSuryajaya_2206025016 ;
; Top-level Entity Name ; CS_JJ_PSD3_EdgrantHendersonSuryajaya_2206025016 ;
; Family                ; Cyclone V                                       ;
; Device                ; 5CGXFC7C7F23C8                                  ;
+-----------------------+-------------------------------------------------+


+----------------------------------+
; Assembler Settings               ;
+--------+---------+---------------+
; Option ; Setting ; Default Value ;
+--------+---------+---------------+


+-------------------------------------------------------------------------------------------------------------------------------------------------------------------------------------+
; Assembler Generated Files                                                                                                                                                           ;
+-------------------------------------------------------------------------------------------------------------------------------------------------------------------------------------+
; File Name                                                                                                                                                                           ;
+-------------------------------------------------------------------------------------------------------------------------------------------------------------------------------------+
; C:/Users/Edgrant/OneDrive - UNIVERSITAS INDONESIA/Desktop/UI/Pelajaran/Semester 3/PSD/Prak PSD/PSD Modul 3/Quartus/output_files/CS_JJ_PSD3_EdgrantHendersonSuryajaya_2206025016.sof ;
+-------------------------------------------------------------------------------------------------------------------------------------------------------------------------------------+


+---------------------------------------------------------------------------------------------------------------------------------------------------------------------------------------------------------------+
; Assembler Device Options: C:/Users/Edgrant/OneDrive - UNIVERSITAS INDONESIA/Desktop/UI/Pelajaran/Semester 3/PSD/Prak PSD/PSD Modul 3/Quartus/output_files/CS_JJ_PSD3_EdgrantHendersonSuryajaya_2206025016.sof ;
+----------------+----------------------------------------------------------------------------------------------------------------------------------------------------------------------------------------------+
; Option         ; Setting                                                                                                                                                                                      ;
+----------------+----------------------------------------------------------------------------------------------------------------------------------------------------------------------------------------------+
; JTAG usercode  ; 0x00EC431B                                                                                                                                                                                   ;
; Checksum       ; 0x00EC431B                                                                                                                                                                                   ;
+----------------+----------------------------------------------------------------------------------------------------------------------------------------------------------------------------------------------+


+--------------------+
; Assembler Messages ;
+--------------------+
Info: *******************************************************************
Info: Running Quartus Prime Assembler
    Info: Version 21.1.1 Build 850 06/23/2022 SJ Lite Edition
    Info: Processing started: Fri Sep 15 17:14:31 2023
Info: Command: quartus_asm --read_settings_files=off --write_settings_files=off CS_JJ_PSD3_EdgrantHendersonSuryajaya_2206025016 -c CS_JJ_PSD3_EdgrantHendersonSuryajaya_2206025016
Warning (18236): Number of processors has not been specified which may cause overloading on shared machines.  Set the global assignment NUM_PARALLEL_PROCESSORS in your QSF to an appropriate value for best performance.
Info (115030): Assembler is generating device programming files
Info: Quartus Prime Assembler was successful. 0 errors, 1 warning
    Info: Peak virtual memory: 4873 megabytes
    Info: Processing ended: Fri Sep 15 17:14:39 2023
    Info: Elapsed time: 00:00:08
    Info: Total CPU time (on all processors): 00:00:05


